[ 2018-11-22T09:47:11+08:00 ] 127.0.0.1 /favicon.ico
INFO: [ app_init ] --START--
INFO: Run Behavior\BuildLiteBehavior [ RunTime:0.000000s ]
INFO: [ app_init ] --END-- [ RunTime:0.000000s ]
ERR: 无法加载模块:Favicon

[ 2018-11-22T11:35:32+08:00 ] 127.0.0.1 /ueditor/php/upload/image/20160428/1461858352351741.jpg
INFO: [ app_init ] --START--
INFO: Run Behavior\BuildLiteBehavior [ RunTime:0.000000s ]
INFO: [ app_init ] --END-- [ RunTime:0.000000s ]
ERR: 无法加载模块:Ueditor

[ 2018-11-22T11:38:52+08:00 ] 127.0.0.1 /ueditor/php/upload/image/20160428/1461858352351741.jpg
INFO: [ app_init ] --START--
INFO: Run Behavior\BuildLiteBehavior [ RunTime:0.000000s ]
INFO: [ app_init ] --END-- [ RunTime:0.001000s ]
ERR: 无法加载模块:Ueditor

[ 2018-11-22T11:40:13+08:00 ] 127.0.0.1 /ueditor/php/upload/image/20160428/1461858352351741.jpg
INFO: [ app_init ] --START--
INFO: Run Behavior\BuildLiteBehavior [ RunTime:0.000000s ]
INFO: [ app_init ] --END-- [ RunTime:0.000000s ]
ERR: 无法加载模块:Ueditor

[ 2018-11-22T11:41:38+08:00 ] 127.0.0.1 /ueditor/php/upload/image/20160428/1461858352351741.jpg
INFO: [ app_init ] --START--
INFO: Run Behavior\BuildLiteBehavior [ RunTime:0.000000s ]
INFO: [ app_init ] --END-- [ RunTime:0.000000s ]
ERR: 无法加载模块:Ueditor

[ 2018-11-22T11:42:12+08:00 ] 127.0.0.1 /ueditor/php/upload/image/20160428/1461858352351741.jpg
INFO: [ app_init ] --START--
INFO: Run Behavior\BuildLiteBehavior [ RunTime:0.000000s ]
INFO: [ app_init ] --END-- [ RunTime:0.000000s ]
ERR: 无法加载模块:Ueditor

[ 2018-11-22T11:42:19+08:00 ] 127.0.0.1 /ueditor/php/upload/image/20160428/1461858352351741.jpg
INFO: [ app_init ] --START--
INFO: Run Behavior\BuildLiteBehavior [ RunTime:0.000000s ]
INFO: [ app_init ] --END-- [ RunTime:0.001000s ]
ERR: 无法加载模块:Ueditor

[ 2018-11-22T11:42:39+08:00 ] 127.0.0.1 /ueditor/php/upload/image/20160428/1461858352351741.jpg
INFO: [ app_init ] --START--
INFO: Run Behavior\BuildLiteBehavior [ RunTime:0.000000s ]
INFO: [ app_init ] --END-- [ RunTime:0.000000s ]
ERR: 无法加载模块:Ueditor

[ 2018-11-22T11:44:06+08:00 ] 127.0.0.1 /ueditor/php/upload/image/20160428/1461858352351741.jpg
INFO: [ app_init ] --START--
INFO: Run Behavior\BuildLiteBehavior [ RunTime:0.000000s ]
INFO: [ app_init ] --END-- [ RunTime:0.001000s ]
ERR: 无法加载模块:Ueditor

[ 2018-11-22T11:44:08+08:00 ] 127.0.0.1 /ueditor/php/upload/image/20160428/1461858352351741.jpg
INFO: [ app_init ] --START--
INFO: Run Behavior\BuildLiteBehavior [ RunTime:0.000000s ]
INFO: [ app_init ] --END-- [ RunTime:0.001000s ]
ERR: 无法加载模块:Ueditor

[ 2018-11-22T11:45:08+08:00 ] 127.0.0.1 /ueditor/php/upload/image/20160428/1461858352351741.jpg
INFO: [ app_init ] --START--
INFO: Run Behavior\BuildLiteBehavior [ RunTime:0.000000s ]
INFO: [ app_init ] --END-- [ RunTime:0.000000s ]
ERR: 无法加载模块:Ueditor

[ 2018-11-22T11:45:24+08:00 ] 127.0.0.1 /ueditor/php/upload/image/20160428/1461858352351741.jpg
INFO: [ app_init ] --START--
INFO: Run Behavior\BuildLiteBehavior [ RunTime:0.000000s ]
INFO: [ app_init ] --END-- [ RunTime:0.001000s ]
ERR: 无法加载模块:Ueditor

[ 2018-11-22T11:47:28+08:00 ] 127.0.0.1 /ueditor/php/upload/image/20160428/1461858352351741.jpg
INFO: [ app_init ] --START--
INFO: Run Behavior\BuildLiteBehavior [ RunTime:0.000000s ]
INFO: [ app_init ] --END-- [ RunTime:0.000000s ]
ERR: 无法加载模块:Ueditor

[ 2018-11-22T11:47:49+08:00 ] 127.0.0.1 /ueditor/php/upload/image/20160428/1461858352351741.jpg
INFO: [ app_init ] --START--
INFO: Run Behavior\BuildLiteBehavior [ RunTime:0.000000s ]
INFO: [ app_init ] --END-- [ RunTime:0.000000s ]
ERR: 无法加载模块:Ueditor

[ 2018-11-22T11:48:01+08:00 ] 127.0.0.1 /ueditor/php/upload/image/20160428/1461858352351741.jpg
INFO: [ app_init ] --START--
INFO: Run Behavior\BuildLiteBehavior [ RunTime:0.001000s ]
INFO: [ app_init ] --END-- [ RunTime:0.001000s ]
ERR: 无法加载模块:Ueditor

[ 2018-11-22T11:48:25+08:00 ] 127.0.0.1 /ueditor/php/upload/image/20160428/1461858352351741.jpg
INFO: [ app_init ] --START--
INFO: Run Behavior\BuildLiteBehavior [ RunTime:0.000000s ]
INFO: [ app_init ] --END-- [ RunTime:0.000000s ]
ERR: 无法加载模块:Ueditor

[ 2018-11-22T11:48:51+08:00 ] 127.0.0.1 /ueditor/php/upload/image/20160428/1461858352351741.jpg
INFO: [ app_init ] --START--
INFO: Run Behavior\BuildLiteBehavior [ RunTime:0.000000s ]
INFO: [ app_init ] --END-- [ RunTime:0.001000s ]
ERR: 无法加载模块:Ueditor

[ 2018-11-22T11:48:53+08:00 ] 127.0.0.1 /ueditor/php/upload/image/20160428/1461858352351741.jpg
INFO: [ app_init ] --START--
INFO: Run Behavior\BuildLiteBehavior [ RunTime:0.000000s ]
INFO: [ app_init ] --END-- [ RunTime:0.000000s ]
ERR: 无法加载模块:Ueditor

[ 2018-11-22T11:49:05+08:00 ] 127.0.0.1 /ueditor/php/upload/image/20160428/1461858352351741.jpg
INFO: [ app_init ] --START--
INFO: Run Behavior\BuildLiteBehavior [ RunTime:0.000000s ]
INFO: [ app_init ] --END-- [ RunTime:0.000000s ]
ERR: 无法加载模块:Ueditor

[ 2018-11-22T11:49:07+08:00 ] 127.0.0.1 /ueditor/php/upload/image/20160428/1461858352351741.jpg
INFO: [ app_init ] --START--
INFO: Run Behavior\BuildLiteBehavior [ RunTime:0.000000s ]
INFO: [ app_init ] --END-- [ RunTime:0.001000s ]
ERR: 无法加载模块:Ueditor

[ 2018-11-22T11:50:56+08:00 ] 127.0.0.1 /ueditor/php/upload/image/20160428/1461858352351741.jpg
INFO: [ app_init ] --START--
INFO: Run Behavior\BuildLiteBehavior [ RunTime:0.000000s ]
INFO: [ app_init ] --END-- [ RunTime:0.000000s ]
ERR: 无法加载模块:Ueditor

[ 2018-11-22T11:51:00+08:00 ] 127.0.0.1 /ueditor/php/upload/image/20160428/1461858352351741.jpg
INFO: [ app_init ] --START--
INFO: Run Behavior\BuildLiteBehavior [ RunTime:0.000000s ]
INFO: [ app_init ] --END-- [ RunTime:0.000000s ]
ERR: 无法加载模块:Ueditor

[ 2018-11-22T11:51:24+08:00 ] 127.0.0.1 /ueditor/php/upload/image/20160428/1461858352351741.jpg
INFO: [ app_init ] --START--
INFO: Run Behavior\BuildLiteBehavior [ RunTime:0.000000s ]
INFO: [ app_init ] --END-- [ RunTime:0.001000s ]
ERR: 无法加载模块:Ueditor

[ 2018-11-22T11:51:42+08:00 ] 127.0.0.1 /ueditor/php/upload/image/20160428/1461858352351741.jpg
INFO: [ app_init ] --START--
INFO: Run Behavior\BuildLiteBehavior [ RunTime:0.000000s ]
INFO: [ app_init ] --END-- [ RunTime:0.000000s ]
ERR: 无法加载模块:Ueditor

[ 2018-11-22T11:51:53+08:00 ] 127.0.0.1 /ueditor/php/upload/image/20160428/1461858352351741.jpg
INFO: [ app_init ] --START--
INFO: Run Behavior\BuildLiteBehavior [ RunTime:0.000000s ]
INFO: [ app_init ] --END-- [ RunTime:0.000000s ]
ERR: 无法加载模块:Ueditor

[ 2018-11-22T11:52:04+08:00 ] 127.0.0.1 /ueditor/php/upload/image/20160428/1461858352351741.jpg
INFO: [ app_init ] --START--
INFO: Run Behavior\BuildLiteBehavior [ RunTime:0.000000s ]
INFO: [ app_init ] --END-- [ RunTime:0.000000s ]
ERR: 无法加载模块:Ueditor

[ 2018-11-22T11:52:09+08:00 ] 127.0.0.1 /ueditor/php/upload/image/20160428/1461858352351741.jpg
INFO: [ app_init ] --START--
INFO: Run Behavior\BuildLiteBehavior [ RunTime:0.000000s ]
INFO: [ app_init ] --END-- [ RunTime:0.000000s ]
ERR: 无法加载模块:Ueditor

[ 2018-11-22T11:52:33+08:00 ] 127.0.0.1 /ueditor/php/upload/image/20160428/1461858352351741.jpg
INFO: [ app_init ] --START--
INFO: Run Behavior\BuildLiteBehavior [ RunTime:0.000000s ]
INFO: [ app_init ] --END-- [ RunTime:0.000000s ]
ERR: 无法加载模块:Ueditor

[ 2018-11-22T11:52:35+08:00 ] 127.0.0.1 /ueditor/php/upload/image/20160428/1461858352351741.jpg
INFO: [ app_init ] --START--
INFO: Run Behavior\BuildLiteBehavior [ RunTime:0.000000s ]
INFO: [ app_init ] --END-- [ RunTime:0.001001s ]
ERR: 无法加载模块:Ueditor

[ 2018-11-22T11:54:42+08:00 ] 127.0.0.1 /ueditor/php/upload/image/20160428/1461858352351741.jpg
INFO: [ app_init ] --START--
INFO: Run Behavior\BuildLiteBehavior [ RunTime:0.000000s ]
INFO: [ app_init ] --END-- [ RunTime:0.000000s ]
ERR: 无法加载模块:Ueditor

[ 2018-11-22T11:54:56+08:00 ] 127.0.0.1 /ueditor/php/upload/image/20160428/1461858352351741.jpg
INFO: [ app_init ] --START--
INFO: Run Behavior\BuildLiteBehavior [ RunTime:0.000000s ]
INFO: [ app_init ] --END-- [ RunTime:0.001000s ]
ERR: 无法加载模块:Ueditor

[ 2018-11-22T11:55:18+08:00 ] 127.0.0.1 /ueditor/php/upload/image/20160428/1461858352351741.jpg
INFO: [ app_init ] --START--
INFO: Run Behavior\BuildLiteBehavior [ RunTime:0.000000s ]
INFO: [ app_init ] --END-- [ RunTime:0.000000s ]
ERR: 无法加载模块:Ueditor

[ 2018-11-22T11:55:21+08:00 ] 127.0.0.1 /ueditor/php/upload/image/20160428/1461858352351741.jpg
INFO: [ app_init ] --START--
INFO: Run Behavior\BuildLiteBehavior [ RunTime:0.000000s ]
INFO: [ app_init ] --END-- [ RunTime:0.000000s ]
ERR: 无法加载模块:Ueditor

[ 2018-11-22T11:55:43+08:00 ] 127.0.0.1 /ueditor/php/upload/image/20160428/1461858352351741.jpg
INFO: [ app_init ] --START--
INFO: Run Behavior\BuildLiteBehavior [ RunTime:0.000000s ]
INFO: [ app_init ] --END-- [ RunTime:0.001000s ]
ERR: 无法加载模块:Ueditor

[ 2018-11-22T11:58:09+08:00 ] 127.0.0.1 /ueditor/php/upload/image/20160428/1461858352351741.jpg
INFO: [ app_init ] --START--
INFO: Run Behavior\BuildLiteBehavior [ RunTime:0.000000s ]
INFO: [ app_init ] --END-- [ RunTime:0.000000s ]
ERR: 无法加载模块:Ueditor

[ 2018-11-22T11:58:18+08:00 ] 127.0.0.1 /ueditor/php/upload/image/20160428/1461858352351741.jpg
INFO: [ app_init ] --START--
INFO: Run Behavior\BuildLiteBehavior [ RunTime:0.000000s ]
INFO: [ app_init ] --END-- [ RunTime:0.000000s ]
ERR: 无法加载模块:Ueditor

